2020-10-09T16:35:02-0400 [INFO    ] dandi Traversing remote dandisets (000017) recursively
2020-10-09T16:35:02-0400 [INFO    ] backups2datalad.py Updating metadata file
2020-10-09T16:35:04-0400 [INFO    ] backups2datalad.py Syncing asset /sub-Cori/sub-Cori_ses-20161214T120000.nwb
2020-10-09T16:35:04-0400 [WARNING ] backups2datalad.py Asset metadata does not include sha256 hash
2020-10-09T16:35:05-0400 [INFO    ] backups2datalad.py Asset in dataset, hash not available, and size is unchanged; will not update
2020-10-09T16:35:05-0400 [INFO    ] backups2datalad.py Syncing asset /sub-Cori/sub-Cori_ses-20161217T120000.nwb
2020-10-09T16:35:05-0400 [WARNING ] backups2datalad.py Asset metadata does not include sha256 hash
2020-10-09T16:35:05-0400 [INFO    ] backups2datalad.py Asset in dataset, hash not available, and size is unchanged; will not update
2020-10-09T16:35:05-0400 [INFO    ] backups2datalad.py Syncing asset /sub-Cori/sub-Cori_ses-20161218T120000.nwb
2020-10-09T16:35:05-0400 [WARNING ] backups2datalad.py Asset metadata does not include sha256 hash
2020-10-09T16:35:05-0400 [INFO    ] backups2datalad.py Asset in dataset, hash not available, and size is unchanged; will not update
2020-10-09T16:35:05-0400 [INFO    ] backups2datalad.py Syncing asset /sub-Forssmann/sub-Forssmann_ses-20171101T120000.nwb
2020-10-09T16:35:05-0400 [WARNING ] backups2datalad.py Asset metadata does not include sha256 hash
2020-10-09T16:35:06-0400 [INFO    ] backups2datalad.py Asset in dataset, hash not available, and size is unchanged; will not update
2020-10-09T16:35:06-0400 [INFO    ] backups2datalad.py Syncing asset /sub-Forssmann/sub-Forssmann_ses-20171102T120000.nwb
2020-10-09T16:35:06-0400 [WARNING ] backups2datalad.py Asset metadata does not include sha256 hash
2020-10-09T16:35:06-0400 [INFO    ] backups2datalad.py Asset in dataset, hash not available, and size is unchanged; will not update
2020-10-09T16:35:06-0400 [INFO    ] backups2datalad.py Syncing asset /sub-Forssmann/sub-Forssmann_ses-20171104T120000.nwb
2020-10-09T16:35:06-0400 [WARNING ] backups2datalad.py Asset metadata does not include sha256 hash
2020-10-09T16:35:06-0400 [INFO    ] backups2datalad.py Asset in dataset, hash not available, and size is unchanged; will not update
2020-10-09T16:35:06-0400 [INFO    ] backups2datalad.py Syncing asset /sub-Forssmann/sub-Forssmann_ses-20171105T120000.nwb
2020-10-09T16:35:06-0400 [WARNING ] backups2datalad.py Asset metadata does not include sha256 hash
2020-10-09T16:35:07-0400 [INFO    ] backups2datalad.py Asset in dataset, hash not available, and size is unchanged; will not update
2020-10-09T16:35:07-0400 [INFO    ] backups2datalad.py Syncing asset /sub-Hench/sub-Hench_ses-20170615T120000.nwb
2020-10-09T16:35:07-0400 [WARNING ] backups2datalad.py Asset metadata does not include sha256 hash
2020-10-09T16:35:07-0400 [INFO    ] backups2datalad.py Asset in dataset, hash not available, and size is unchanged; will not update
2020-10-09T16:35:07-0400 [INFO    ] backups2datalad.py Syncing asset /sub-Hench/sub-Hench_ses-20170616T120000.nwb
2020-10-09T16:35:07-0400 [WARNING ] backups2datalad.py Asset metadata does not include sha256 hash
2020-10-09T16:35:07-0400 [INFO    ] backups2datalad.py Asset in dataset, hash not available, and size is unchanged; will not update
2020-10-09T16:35:07-0400 [INFO    ] backups2datalad.py Syncing asset /sub-Hench/sub-Hench_ses-20170617T120000.nwb
2020-10-09T16:35:07-0400 [WARNING ] backups2datalad.py Asset metadata does not include sha256 hash
2020-10-09T16:35:08-0400 [INFO    ] backups2datalad.py Asset in dataset, hash not available, and size is unchanged; will not update
2020-10-09T16:35:08-0400 [INFO    ] backups2datalad.py Syncing asset /sub-Hench/sub-Hench_ses-20170618T120000.nwb
2020-10-09T16:35:08-0400 [WARNING ] backups2datalad.py Asset metadata does not include sha256 hash
2020-10-09T16:35:08-0400 [INFO    ] backups2datalad.py Asset in dataset, hash not available, and size is unchanged; will not update
2020-10-09T16:35:08-0400 [INFO    ] backups2datalad.py Syncing asset /sub-Lederberg/sub-Lederberg_ses-20171205T120000.nwb
2020-10-09T16:35:08-0400 [WARNING ] backups2datalad.py Asset metadata does not include sha256 hash
2020-10-09T16:35:08-0400 [INFO    ] backups2datalad.py Asset in dataset, hash not available, and size is unchanged; will not update
2020-10-09T16:35:08-0400 [INFO    ] backups2datalad.py Syncing asset /sub-Lederberg/sub-Lederberg_ses-20171206T120000.nwb
2020-10-09T16:35:08-0400 [WARNING ] backups2datalad.py Asset metadata does not include sha256 hash
2020-10-09T16:35:08-0400 [INFO    ] backups2datalad.py Asset in dataset, hash not available, and size is unchanged; will not update
2020-10-09T16:35:08-0400 [INFO    ] backups2datalad.py Syncing asset /sub-Lederberg/sub-Lederberg_ses-20171207T120000.nwb
2020-10-09T16:35:08-0400 [WARNING ] backups2datalad.py Asset metadata does not include sha256 hash
2020-10-09T16:35:09-0400 [INFO    ] backups2datalad.py Asset in dataset, hash not available, and size is unchanged; will not update
2020-10-09T16:35:09-0400 [INFO    ] backups2datalad.py Syncing asset /sub-Lederberg/sub-Lederberg_ses-20171208T120000.nwb
2020-10-09T16:35:09-0400 [WARNING ] backups2datalad.py Asset metadata does not include sha256 hash
2020-10-09T16:35:09-0400 [INFO    ] backups2datalad.py Asset in dataset, hash not available, and size is unchanged; will not update
2020-10-09T16:35:09-0400 [INFO    ] backups2datalad.py Syncing asset /sub-Lederberg/sub-Lederberg_ses-20171209T120000.nwb
2020-10-09T16:35:09-0400 [WARNING ] backups2datalad.py Asset metadata does not include sha256 hash
2020-10-09T16:35:09-0400 [INFO    ] backups2datalad.py Asset in dataset, hash not available, and size is unchanged; will not update
2020-10-09T16:35:09-0400 [INFO    ] backups2datalad.py Syncing asset /sub-Lederberg/sub-Lederberg_ses-20171210T120000.nwb
2020-10-09T16:35:09-0400 [WARNING ] backups2datalad.py Asset metadata does not include sha256 hash
2020-10-09T16:35:10-0400 [INFO    ] backups2datalad.py Asset in dataset, hash not available, and size is unchanged; will not update
2020-10-09T16:35:10-0400 [INFO    ] backups2datalad.py Syncing asset /sub-Lederberg/sub-Lederberg_ses-20171211T120000.nwb
2020-10-09T16:35:10-0400 [WARNING ] backups2datalad.py Asset metadata does not include sha256 hash
2020-10-09T16:35:10-0400 [INFO    ] backups2datalad.py Asset in dataset, hash not available, and size is unchanged; will not update
2020-10-09T16:35:10-0400 [INFO    ] backups2datalad.py Syncing asset /sub-Moniz/sub-Moniz_ses-20170515T120000.nwb
2020-10-09T16:35:10-0400 [WARNING ] backups2datalad.py Asset metadata does not include sha256 hash
2020-10-09T16:35:10-0400 [INFO    ] backups2datalad.py Asset in dataset, hash not available, and size is unchanged; will not update
2020-10-09T16:35:10-0400 [INFO    ] backups2datalad.py Syncing asset /sub-Moniz/sub-Moniz_ses-20170516T120000.nwb
2020-10-09T16:35:10-0400 [WARNING ] backups2datalad.py Asset metadata does not include sha256 hash
2020-10-09T16:35:11-0400 [INFO    ] backups2datalad.py Asset in dataset, hash not available, and size is unchanged; will not update
2020-10-09T16:35:11-0400 [INFO    ] backups2datalad.py Syncing asset /sub-Moniz/sub-Moniz_ses-20170518T120000.nwb
2020-10-09T16:35:11-0400 [WARNING ] backups2datalad.py Asset metadata does not include sha256 hash
2020-10-09T16:35:11-0400 [INFO    ] backups2datalad.py Asset in dataset, hash not available, and size is unchanged; will not update
2020-10-09T16:35:11-0400 [INFO    ] backups2datalad.py Syncing asset /sub-Muller/sub-Muller_ses-20170107T120000.nwb
2020-10-09T16:35:11-0400 [WARNING ] backups2datalad.py Asset metadata does not include sha256 hash
2020-10-09T16:35:11-0400 [INFO    ] backups2datalad.py Asset in dataset, hash not available, and size is unchanged; will not update
2020-10-09T16:35:11-0400 [INFO    ] backups2datalad.py Syncing asset /sub-Muller/sub-Muller_ses-20170108T120000.nwb
2020-10-09T16:35:11-0400 [WARNING ] backups2datalad.py Asset metadata does not include sha256 hash
2020-10-09T16:35:11-0400 [INFO    ] backups2datalad.py Asset in dataset, hash not available, and size is unchanged; will not update
2020-10-09T16:35:11-0400 [INFO    ] backups2datalad.py Syncing asset /sub-Muller/sub-Muller_ses-20170109T120000.nwb
2020-10-09T16:35:11-0400 [WARNING ] backups2datalad.py Asset metadata does not include sha256 hash
2020-10-09T16:35:12-0400 [INFO    ] backups2datalad.py Asset in dataset, hash not available, and size is unchanged; will not update
2020-10-09T16:35:12-0400 [INFO    ] backups2datalad.py Syncing asset /sub-Radnitz/sub-Radnitz_ses-20170108T120000.nwb
2020-10-09T16:35:12-0400 [WARNING ] backups2datalad.py Asset metadata does not include sha256 hash
2020-10-09T16:35:12-0400 [INFO    ] backups2datalad.py Asset in dataset, hash not available, and size is unchanged; will not update
2020-10-09T16:35:12-0400 [INFO    ] backups2datalad.py Syncing asset /sub-Radnitz/sub-Radnitz_ses-20170109T120000.nwb
2020-10-09T16:35:12-0400 [WARNING ] backups2datalad.py Asset metadata does not include sha256 hash
2020-10-09T16:35:12-0400 [INFO    ] backups2datalad.py Asset in dataset, hash not available, and size is unchanged; will not update
2020-10-09T16:35:12-0400 [INFO    ] backups2datalad.py Syncing asset /sub-Radnitz/sub-Radnitz_ses-20170110T120000.nwb
2020-10-09T16:35:12-0400 [WARNING ] backups2datalad.py Asset metadata does not include sha256 hash
2020-10-09T16:35:13-0400 [INFO    ] backups2datalad.py Asset in dataset, hash not available, and size is unchanged; will not update
2020-10-09T16:35:13-0400 [INFO    ] backups2datalad.py Syncing asset /sub-Radnitz/sub-Radnitz_ses-20170111T120000.nwb
2020-10-09T16:35:13-0400 [WARNING ] backups2datalad.py Asset metadata does not include sha256 hash
2020-10-09T16:35:13-0400 [INFO    ] backups2datalad.py Asset in dataset, hash not available, and size is unchanged; will not update
2020-10-09T16:35:13-0400 [INFO    ] backups2datalad.py Syncing asset /sub-Radnitz/sub-Radnitz_ses-20170112T120000.nwb
2020-10-09T16:35:13-0400 [WARNING ] backups2datalad.py Asset metadata does not include sha256 hash
2020-10-09T16:35:13-0400 [INFO    ] backups2datalad.py Asset in dataset, hash not available, and size is unchanged; will not update
2020-10-09T16:35:13-0400 [INFO    ] backups2datalad.py Syncing asset /sub-Richards/sub-Richards_ses-20171029T120000.nwb
2020-10-09T16:35:13-0400 [WARNING ] backups2datalad.py Asset metadata does not include sha256 hash
2020-10-09T16:35:14-0400 [INFO    ] backups2datalad.py Asset in dataset, hash not available, and size is unchanged; will not update
2020-10-09T16:35:14-0400 [INFO    ] backups2datalad.py Syncing asset /sub-Richards/sub-Richards_ses-20171030T120000.nwb
2020-10-09T16:35:14-0400 [WARNING ] backups2datalad.py Asset metadata does not include sha256 hash
2020-10-09T16:35:14-0400 [INFO    ] backups2datalad.py Asset in dataset, hash not available, and size is unchanged; will not update
2020-10-09T16:35:14-0400 [INFO    ] backups2datalad.py Syncing asset /sub-Richards/sub-Richards_ses-20171031T120000.nwb
2020-10-09T16:35:14-0400 [WARNING ] backups2datalad.py Asset metadata does not include sha256 hash
2020-10-09T16:35:14-0400 [INFO    ] backups2datalad.py Asset in dataset, hash not available, and size is unchanged; will not update
2020-10-09T16:35:14-0400 [INFO    ] backups2datalad.py Syncing asset /sub-Richards/sub-Richards_ses-20171101T120000.nwb
2020-10-09T16:35:14-0400 [WARNING ] backups2datalad.py Asset metadata does not include sha256 hash
2020-10-09T16:35:15-0400 [INFO    ] backups2datalad.py Asset in dataset, hash not available, and size is unchanged; will not update
2020-10-09T16:35:15-0400 [INFO    ] backups2datalad.py Syncing asset /sub-Richards/sub-Richards_ses-20171102T120000.nwb
2020-10-09T16:35:15-0400 [WARNING ] backups2datalad.py Asset metadata does not include sha256 hash
2020-10-09T16:35:15-0400 [INFO    ] backups2datalad.py Asset in dataset, hash not available, and size is unchanged; will not update
2020-10-09T16:35:15-0400 [INFO    ] backups2datalad.py Syncing asset /sub-Tatum/sub-Tatum_ses-20171206T120000.nwb
2020-10-09T16:35:15-0400 [WARNING ] backups2datalad.py Asset metadata does not include sha256 hash
2020-10-09T16:35:15-0400 [INFO    ] backups2datalad.py Asset in dataset, hash not available, and size is unchanged; will not update
2020-10-09T16:35:15-0400 [INFO    ] backups2datalad.py Syncing asset /sub-Tatum/sub-Tatum_ses-20171207T120000.nwb
2020-10-09T16:35:15-0400 [WARNING ] backups2datalad.py Asset metadata does not include sha256 hash
2020-10-09T16:35:16-0400 [INFO    ] backups2datalad.py Asset in dataset, hash not available, and size is unchanged; will not update
2020-10-09T16:35:16-0400 [INFO    ] backups2datalad.py Syncing asset /sub-Tatum/sub-Tatum_ses-20171208T120000.nwb
2020-10-09T16:35:16-0400 [WARNING ] backups2datalad.py Asset metadata does not include sha256 hash
2020-10-09T16:35:16-0400 [INFO    ] backups2datalad.py Asset in dataset, hash not available, and size is unchanged; will not update
2020-10-09T16:35:16-0400 [INFO    ] backups2datalad.py Syncing asset /sub-Tatum/sub-Tatum_ses-20171209T120000.nwb
2020-10-09T16:35:16-0400 [WARNING ] backups2datalad.py Asset metadata does not include sha256 hash
2020-10-09T16:35:16-0400 [INFO    ] backups2datalad.py Asset in dataset, hash not available, and size is unchanged; will not update
2020-10-09T16:35:16-0400 [INFO    ] backups2datalad.py Syncing asset /sub-Theiler/sub-Theiler_ses-20171011T120000.nwb
2020-10-09T16:35:16-0400 [WARNING ] backups2datalad.py Asset metadata does not include sha256 hash
2020-10-09T16:35:17-0400 [INFO    ] backups2datalad.py Asset in dataset, hash not available, and size is unchanged; will not update
2020-10-09T16:35:17-0400 [INFO    ] backups2datalad.py Commiting changes
2020-10-09T16:35:17-0400 [INFO    ] backups2datalad.py Creating GitHub sibling for 000017
2020-10-09T16:35:17-0400 [INFO    ] backups2datalad.py Pushing to sibling
2020-10-09T16:35:17-0400 [INFO    ] datalad.core.distributed.push Determine push target
2020-10-09T16:35:17-0400 [INFO    ] datalad.core.distributed.push Push refspecs
2020-10-09T16:35:17-0400 [INFO    ] datalad.core.distributed.push Transfer data
2020-10-09T16:35:17-0400 [INFO    ] datalad.core.distributed.push Update availability information
2020-10-09T16:35:18-0400 [INFO    ] datalad.gitrepo Start enumerating objects
2020-10-09T16:35:18-0400 [INFO    ] datalad.gitrepo Finished enumerating objects
2020-10-09T16:35:18-0400 [INFO    ] datalad.gitrepo Start counting objects
2020-10-09T16:35:18-0400 [INFO    ] datalad.gitrepo Counting objects:   9% (1/11)
2020-10-09T16:35:18-0400 [INFO    ] datalad.gitrepo Counting objects:  18% (2/11)
2020-10-09T16:35:18-0400 [INFO    ] datalad.gitrepo Counting objects:  27% (3/11)
2020-10-09T16:35:18-0400 [INFO    ] datalad.gitrepo Counting objects:  36% (4/11)
2020-10-09T16:35:18-0400 [INFO    ] datalad.gitrepo Counting objects:  45% (5/11)
2020-10-09T16:35:18-0400 [INFO    ] datalad.gitrepo Counting objects:  54% (6/11)
2020-10-09T16:35:18-0400 [INFO    ] datalad.gitrepo Counting objects:  63% (7/11)
2020-10-09T16:35:18-0400 [INFO    ] datalad.gitrepo Counting objects:  72% (8/11)
2020-10-09T16:35:18-0400 [INFO    ] datalad.gitrepo Counting objects:  81% (9/11)
2020-10-09T16:35:18-0400 [INFO    ] datalad.gitrepo Counting objects:  90% (10/11)
2020-10-09T16:35:18-0400 [INFO    ] datalad.gitrepo Counting objects: 100% (11/11)
2020-10-09T16:35:18-0400 [INFO    ] datalad.gitrepo Counting objects: 100% (11/11), done.
2020-10-09T16:35:18-0400 [INFO    ] datalad.gitrepo Finished counting objects
2020-10-09T16:35:18-0400 [INFO    ] datalad.gitrepo Start compressing objects
2020-10-09T16:35:18-0400 [INFO    ] datalad.gitrepo Compressing objects:  14% (1/7)
2020-10-09T16:35:18-0400 [INFO    ] datalad.gitrepo Compressing objects:  28% (2/7)
2020-10-09T16:35:18-0400 [INFO    ] datalad.gitrepo Compressing objects:  42% (3/7)
2020-10-09T16:35:18-0400 [INFO    ] datalad.gitrepo Compressing objects:  57% (4/7)
2020-10-09T16:35:18-0400 [INFO    ] datalad.gitrepo Compressing objects:  71% (5/7)
2020-10-09T16:35:18-0400 [INFO    ] datalad.gitrepo Compressing objects:  85% (6/7)
2020-10-09T16:35:18-0400 [INFO    ] datalad.gitrepo Compressing objects: 100% (7/7)
2020-10-09T16:35:18-0400 [INFO    ] datalad.gitrepo Compressing objects: 100% (7/7), done.
2020-10-09T16:35:18-0400 [INFO    ] datalad.gitrepo Finished compressing objects
2020-10-09T16:35:18-0400 [INFO    ] datalad.gitrepo Start writing objects
2020-10-09T16:35:18-0400 [INFO    ] datalad.gitrepo Writing objects:  14% (1/7)
2020-10-09T16:35:18-0400 [INFO    ] datalad.gitrepo Writing objects:  28% (2/7)
2020-10-09T16:35:18-0400 [INFO    ] datalad.gitrepo Writing objects:  42% (3/7)
2020-10-09T16:35:18-0400 [INFO    ] datalad.gitrepo Writing objects:  57% (4/7)
2020-10-09T16:35:18-0400 [INFO    ] datalad.gitrepo Writing objects:  71% (5/7)
2020-10-09T16:35:18-0400 [INFO    ] datalad.gitrepo Writing objects:  85% (6/7)
2020-10-09T16:35:18-0400 [INFO    ] datalad.gitrepo Writing objects: 100% (7/7)
2020-10-09T16:35:18-0400 [INFO    ] datalad.gitrepo Writing objects: 100% (7/7), 1.80 KiB | 923.00 KiB/s, done.
2020-10-09T16:35:18-0400 [INFO    ] datalad.gitrepo Finished writing objects
2020-10-09T16:35:18-0400 [INFO    ] datalad.gitrepo Start resolving deltas
2020-10-09T16:35:18-0400 [INFO    ] datalad.gitrepo remote: Resolving deltas:   0% (0/3)
2020-10-09T16:35:18-0400 [INFO    ] datalad.gitrepo remote: Resolving deltas:  33% (1/3)
2020-10-09T16:35:18-0400 [INFO    ] datalad.gitrepo remote: Resolving deltas: 100% (3/3)
2020-10-09T16:35:18-0400 [INFO    ] datalad.gitrepo remote: Resolving deltas: 100% (3/3), completed with 2 local objects.
2020-10-09T16:35:21-0400 [INFO    ] datalad.gitrepo Finished
2020-10-09T16:35:21-0400 [INFO    ] datalad.core.distributed.push Finished push of Dataset(/mnt/backup/dandi/dandiarchive-replica/000017)
